0 info it worked if it ends with ok
1 verbose cli [ 'C:\\Program Files\\nodejs\\node.exe',
1 verbose cli   'C:\\Users\\mjowhar\\AppData\\Roaming\\npm\\node_modules\\npm\\bin\\npm-cli.js',
1 verbose cli   'start' ]
2 info using npm@3.10.9
3 info using node@v4.4.3
4 verbose run-script [ 'prestart', 'start', 'poststart' ]
5 info lifecycle expressjs@1.0.0~prestart: expressjs@1.0.0
6 silly lifecycle expressjs@1.0.0~prestart: no script for prestart, continuing
7 info lifecycle expressjs@1.0.0~start: expressjs@1.0.0
8 verbose lifecycle expressjs@1.0.0~start: unsafe-perm in lifecycle true
9 verbose lifecycle expressjs@1.0.0~start: PATH: C:\Users\mjowhar\AppData\Roaming\npm\node_modules\npm\bin\node-gyp-bin;C:\Users\mjowhar\Documents\nodejs_training\expressjs-web\node_modules\.bin;C:\PERL51001\Perl\site\bin;C:\PERL51001\Perl\bin;C:\Program Files (x86)\RSA SecurID Token Common;C:\WINDOWS\system32;C:\WINDOWS;C:\WINDOWS\System32\Wbem;C:\WINDOWS\System32\WindowsPowerShell\v1.0\;C:\WINDOWS\System32\WindowsPowerShell\v1.0\;C:\Program Files (x86)\Microsoft Application Virtualization Client;C:\Program Files\Common Files\Hitachi ID\;C:\Program Files (x86)\java\jre6\bin\;C:\Program Files (x86)\Perforce;C:\Program Files (x86)\Brackets\command;C:\Program Files (x86)\Skype\Phone\;C:\Program Files\nodejs\;C:\Program Files (x86)\Git\cmd;C:\Program Files (x86)\Windows Kits\8.1\Windows Performance Toolkit\;C:\Program Files\Git\cmd;C:\Python27\Scripts;C:\Python27;C:\Users\mjowhar\AppData\Local\atom\bin;C:\Program Files (x86)\Microsoft VS Code\bin;C:\Users\mjowhar\AppData\Roaming\npm;C:\Program Files\Docker Toolbox
10 verbose lifecycle expressjs@1.0.0~start: CWD: C:\Users\mjowhar\Documents\nodejs_training\expressjs-web
11 silly lifecycle expressjs@1.0.0~start: Args: [ '/d /s /c', 'nodemon -e css,ejs,js,json --watch app' ]
12 silly lifecycle expressjs@1.0.0~start: Returned: code: 1  signal: null
13 info lifecycle expressjs@1.0.0~start: Failed to exec start script
14 verbose stack Error: expressjs@1.0.0 start: `nodemon -e css,ejs,js,json --watch app`
14 verbose stack Exit status 1
14 verbose stack     at EventEmitter.<anonymous> (C:\Users\mjowhar\AppData\Roaming\npm\node_modules\npm\lib\utils\lifecycle.js:255:16)
14 verbose stack     at emitTwo (events.js:87:13)
14 verbose stack     at EventEmitter.emit (events.js:172:7)
14 verbose stack     at ChildProcess.<anonymous> (C:\Users\mjowhar\AppData\Roaming\npm\node_modules\npm\lib\utils\spawn.js:40:14)
14 verbose stack     at emitTwo (events.js:87:13)
14 verbose stack     at ChildProcess.emit (events.js:172:7)
14 verbose stack     at maybeClose (internal/child_process.js:827:16)
14 verbose stack     at Process.ChildProcess._handle.onexit (internal/child_process.js:211:5)
15 verbose pkgid expressjs@1.0.0
16 verbose cwd C:\Users\mjowhar\Documents\nodejs_training\expressjs-web
17 error Windows_NT 6.1.7601
18 error argv "C:\\Program Files\\nodejs\\node.exe" "C:\\Users\\mjowhar\\AppData\\Roaming\\npm\\node_modules\\npm\\bin\\npm-cli.js" "start"
19 error node v4.4.3
20 error npm  v3.10.9
21 error code ELIFECYCLE
22 error expressjs@1.0.0 start: `nodemon -e css,ejs,js,json --watch app`
22 error Exit status 1
23 error Failed at the expressjs@1.0.0 start script 'nodemon -e css,ejs,js,json --watch app'.
23 error Make sure you have the latest version of node.js and npm installed.
23 error If you do, this is most likely a problem with the expressjs package,
23 error not with npm itself.
23 error Tell the author that this fails on your system:
23 error     nodemon -e css,ejs,js,json --watch app
23 error You can get information on how to open an issue for this project with:
23 error     npm bugs expressjs
23 error Or if that isn't available, you can get their info via:
23 error     npm owner ls expressjs
23 error There is likely additional logging output above.
24 verbose exit [ 1, true ]
